ranero/android/build/outputs/logs/manifest-merger-debug-report.txt
-- Merging decision tree log ---
manifest
ADDED from ranero/android/AndroidManifest.xml:2:1-26:12
INJECTED from ranero/android/AndroidManifest.xml:2:1-26:12
INJECTED from ranero/android/AndroidManifest.xml:2:1-26:12
INJECTED from ranero/android/AndroidManifest.xml:2:1-26:12
INJECTED from ranero/android/AndroidManifest.xml:2:1-26:12
INJECTED from ranero/android/AndroidManifest.xml:2:1-26:12
INJECTED from ranero/android/AndroidManifest.xml:2:1-26:12
	package
		ADDED from ranero/android/AndroidManifest.xml:4:5-37
		INJECTED from ranero/android/AndroidManifest.xml
		INJECTED from ranero/android/AndroidManifest.xml
	android:versionName
		INJECTED from ranero/android/AndroidManifest.xml
		ADDED from ranero/android/AndroidManifest.xml:2:1-26:12
		INJECTED from ranero/android/AndroidManifest.xml
	xmlns:tools
		ADDED from ranero/android/AndroidManifest.xml:3:5-51
	android:versionCode
		INJECTED from ranero/android/AndroidManifest.xml
		ADDED from ranero/android/AndroidManifest.xml:2:1-26:12
		INJECTED from ranero/android/AndroidManifest.xml
	xmlns:android
		ADDED from ranero/android/AndroidManifest.xml:2:11-69
application
ADDED from ranero/android/AndroidManifest.xml:6:5-24:19
	android:label
		ADDED from ranero/android/AndroidManifest.xml:11:9-41
	android:appCategory
		ADDED from ranero/android/AndroidManifest.xml:10:9-35
	tools:ignore
		ADDED from ranero/android/AndroidManifest.xml:13:9-48
	android:icon
		ADDED from ranero/android/AndroidManifest.xml:8:9-45
	android:allowBackup
		ADDED from ranero/android/AndroidManifest.xml:7:9-35
	android:theme
		ADDED from ranero/android/AndroidManifest.xml:12:9-40
	android:isGame
		ADDED from ranero/android/AndroidManifest.xml:9:9-30
activity#es.codemonsters.ranero.AndroidLauncher
ADDED from ranero/android/AndroidManifest.xml:14:9-23:20
	android:screenOrientation
		ADDED from ranero/android/AndroidManifest.xml:17:13-50
	android:label
		ADDED from ranero/android/AndroidManifest.xml:16:13-45
	android:configChanges
		ADDED from ranero/android/AndroidManifest.xml:18:13-107
	android:name
		ADDED from ranero/android/AndroidManifest.xml:15:13-66
intent-filter#action:name:android.intent.action.MAIN+category:name:android.intent.category.LAUNCHER
ADDED from ranero/android/AndroidManifest.xml:19:13-22:29
action#android.intent.action.MAIN
ADDED from ranero/android/AndroidManifest.xml:20:17-69
	android:name
		ADDED from ranero/android/AndroidManifest.xml:20:25-66
category#android.intent.category.LAUNCHER
ADDED from ranero/android/AndroidManifest.xml:21:17-77
	android:name
		ADDED from ranero/android/AndroidManifest.xml:21:27-74
uses-sdk
INJECTED from ranero/android/AndroidManifest.xml reason: use-sdk injection requested
INJECTED from ranero/android/AndroidManifest.xml
INJECTED from ranero/android/AndroidManifest.xml
INJECTED from ranero/android/AndroidManifest.xml
INJECTED from ranero/android/AndroidManifest.xml
	android:targetSdkVersion
		INJECTED from ranero/android/AndroidManifest.xml
		ADDED from ranero/android/AndroidManifest.xml
		INJECTED from ranero/android/AndroidManifest.xml
	android:minSdkVersion
		INJECTED from ranero/android/AndroidManifest.xml
		ADDED from ranero/android/AndroidManifest.xml
		INJECTED from ranero/android/AndroidManifest.xml